#-----------------------------------------------------------
# Vivado v2019.1 (64-bit)
# SW Build 2552052 on Fri May 24 14:49:42 MDT 2019
# IP Build 2548770 on Fri May 24 18:01:18 MDT 2019
# Start of session at: Tue Mar 16 00:37:17 2021
# Process ID: 1984
# Current directory: C:/Users/bfcoc/OneDrive/Desktop/Shyama Gandhi/ECE_315_WINTER2021/Lab_3_SPI/lab3_SPI
# Command line: vivado.exe -gui_launcher_event rodinguilauncherevent88 C:\Users\bfcoc\OneDrive\Desktop\Shyama Gandhi\ECE_315_WINTER2021\Lab_3_SPI\lab3_SPI\lab3_SPI.xpr
# Log file: C:/Users/bfcoc/OneDrive/Desktop/Shyama Gandhi/ECE_315_WINTER2021/Lab_3_SPI/lab3_SPI/vivado.log
# Journal file: C:/Users/bfcoc/OneDrive/Desktop/Shyama Gandhi/ECE_315_WINTER2021/Lab_3_SPI/lab3_SPI\vivado.jou
#-----------------------------------------------------------
start_gui
open_project {C:/Users/bfcoc/OneDrive/Desktop/Shyama Gandhi/ECE_315_WINTER2021/Lab_3_SPI/lab3_SPI/lab3_SPI.xpr}
INFO: [ProjectBase 1-489] The host OS only allows 260 characters in a normal path. The project is stored in a path with more than 80 characters. If you experience issues with IP, Block Designs, or files not being found, please consider moving the project to a location with a shorter path. Alternately consider using the OS subst command to map part of the path to a drive letter.
Current project path is 'C:/Users/bfcoc/OneDrive/Desktop/Shyama Gandhi/ECE_315_WINTER2021/Lab_3_SPI/lab3_SPI'
INFO: [Project 1-313] Project file moved from 'C:/Users/bfcoc/zynq_practice/ECE_315_WINTER_2021_LABS/lab3_SPI' since last save.
Scanning sources...
Finished scanning sources
INFO: [IP_Flow 19-234] Refreshing IP repositories
INFO: [IP_Flow 19-1704] No user IP repositories specified
INFO: [IP_Flow 19-2313] Loaded Vivado IP repository 'C:/Xilinx/Vivado/2019.1/data/ip'.
open_project: Time (s): cpu = 00:00:36 ; elapsed = 00:00:20 . Memory (MB): peak = 845.109 ; gain = 190.266
update_compile_order -fileset sources_1
open_bd_design {C:/Users/bfcoc/OneDrive/Desktop/Shyama Gandhi/ECE_315_WINTER2021/Lab_3_SPI/lab3_SPI/lab3_SPI.srcs/sources_1/bd/design_1/design_1.bd}
Adding component instance block -- xilinx.com:ip:processing_system7:5.5 - processing_system7_0
Successfully read diagram <design_1> from BD file <C:/Users/bfcoc/OneDrive/Desktop/Shyama Gandhi/ECE_315_WINTER2021/Lab_3_SPI/lab3_SPI/lab3_SPI.srcs/sources_1/bd/design_1/design_1.bd>
open_bd_design: Time (s): cpu = 00:00:10 ; elapsed = 00:00:08 . Memory (MB): peak = 875.238 ; gain = 14.352
exit
INFO: [Common 17-206] Exiting Vivado at Tue Mar 16 00:39:25 2021...
