#-----------------------------------------------------------
# Vivado v2019.1 (64-bit)
# SW Build 2552052 on Fri May 24 14:49:42 MDT 2019
# IP Build 2548770 on Fri May 24 18:01:18 MDT 2019
# Start of session at: Thu Feb 23 10:48:25 2023
# Process ID: 6480
# Current directory: C:/Users/bfcoc/Desktop/Shyama/ECE_315_winter_2023/Lab_3_Winter_2023/lab3_SPI
# Command line: vivado.exe -gui_launcher_event rodinguilauncherevent22476 C:\Users\bfcoc\Desktop\Shyama\ECE_315_winter_2023\Lab_3_Winter_2023\lab3_SPI\lab3_SPI.xpr
# Log file: C:/Users/bfcoc/Desktop/Shyama/ECE_315_winter_2023/Lab_3_Winter_2023/lab3_SPI/vivado.log
# Journal file: C:/Users/bfcoc/Desktop/Shyama/ECE_315_winter_2023/Lab_3_Winter_2023/lab3_SPI\vivado.jou
#-----------------------------------------------------------
start_gui
open_project C:/Users/bfcoc/Desktop/Shyama/ECE_315_winter_2023/Lab_3_Winter_2023/lab3_SPI/lab3_SPI.xpr
INFO: [Project 1-313] Project file moved from 'C:/Users/bfcoc/zynq_practice/ECE_315_WINTER_2021_LABS/lab3_SPI' since last save.
Scanning sources...
Finished scanning sources
INFO: [IP_Flow 19-234] Refreshing IP repositories
INFO: [IP_Flow 19-1704] No user IP repositories specified
INFO: [IP_Flow 19-2313] Loaded Vivado IP repository 'C:/Xilinx/Vivado/2019.1/data/ip'.
open_project: Time (s): cpu = 00:00:09 ; elapsed = 00:00:14 . Memory (MB): peak = 844.117 ; gain = 221.598
update_compile_order -fileset sources_1
open_bd_design {C:/Users/bfcoc/Desktop/Shyama/ECE_315_winter_2023/Lab_3_Winter_2023/lab3_SPI/lab3_SPI.srcs/sources_1/bd/design_1/design_1.bd}
Adding component instance block -- xilinx.com:ip:processing_system7:5.5 - processing_system7_0
Successfully read diagram <design_1> from BD file <C:/Users/bfcoc/Desktop/Shyama/ECE_315_winter_2023/Lab_3_Winter_2023/lab3_SPI/lab3_SPI.srcs/sources_1/bd/design_1/design_1.bd>
reset_run synth_1
launch_runs impl_1 -to_step write_bitstream -jobs 12
[Thu Feb 23 10:55:50 2023] Launched synth_1...
Run output will be captured here: C:/Users/bfcoc/Desktop/Shyama/ECE_315_winter_2023/Lab_3_Winter_2023/lab3_SPI/lab3_SPI.runs/synth_1/runme.log
[Thu Feb 23 10:55:50 2023] Launched impl_1...
Run output will be captured here: C:/Users/bfcoc/Desktop/Shyama/ECE_315_winter_2023/Lab_3_Winter_2023/lab3_SPI/lab3_SPI.runs/impl_1/runme.log
file mkdir C:/Users/bfcoc/Desktop/Shyama/ECE_315_winter_2023/Lab_3_Winter_2023/lab3_SPI/lab3_SPI.sdk
file copy -force C:/Users/bfcoc/Desktop/Shyama/ECE_315_winter_2023/Lab_3_Winter_2023/lab3_SPI/lab3_SPI.runs/impl_1/design_1_wrapper.sysdef C:/Users/bfcoc/Desktop/Shyama/ECE_315_winter_2023/Lab_3_Winter_2023/lab3_SPI/lab3_SPI.sdk/design_1_wrapper.hdf

launch_sdk -workspace C:/Users/bfcoc/Desktop/Shyama/ECE_315_winter_2023/Lab_3_Winter_2023/lab3_SPI/lab3_SPI.sdk -hwspec C:/Users/bfcoc/Desktop/Shyama/ECE_315_winter_2023/Lab_3_Winter_2023/lab3_SPI/lab3_SPI.sdk/design_1_wrapper.hdf
INFO: [Vivado 12-393] Launching SDK...
INFO: [Vivado 12-417] Running xsdk -workspace C:/Users/bfcoc/Desktop/Shyama/ECE_315_winter_2023/Lab_3_Winter_2023/lab3_SPI/lab3_SPI.sdk -hwspec C:/Users/bfcoc/Desktop/Shyama/ECE_315_winter_2023/Lab_3_Winter_2023/lab3_SPI/lab3_SPI.sdk/design_1_wrapper.hdf
INFO: [Vivado 12-3157] SDK launch initiated. Please check console for any further messages.
